<?xml version="1.0" encoding="UTF-8"?>
<!-- Generated by org.testng.reporters.JUnitReportReporter -->
<testsuite hostname="Kanwar07" failures="0" tests="1" name="SessionSel.DataDriverSaucelab" time="16.534" errors="0" timestamp="2023-05-26T11:57:47 IST" skipped="0">
  <testcase classname="SessionSel.DataDriverSaucelab" name="drivenSetup" time="16.534"/>
  <system-out/>
</testsuite> <!-- SessionSel.DataDriverSaucelab -->
