<?xml version="1.0" encoding="UTF-8"?>
<!-- Generated by org.testng.reporters.JUnitReportReporter -->
<testsuite hostname="Kanwar07" failures="0" tests="4" name="SessionSel.Priority" time="0.028" errors="0" timestamp="2023-05-12T15:23:35 IST" skipped="0">
  <testcase classname="SessionSel.Priority" name="tc1" time="0.017"/>
  <system-out/>
  <testcase classname="SessionSel.Priority" name="tc2" time="0.003"/>
  <system-out/>
  <testcase classname="SessionSel.Priority" name="tc3" time="0.004"/>
  <system-out/>
  <testcase classname="SessionSel.Priority" name="tc4" time="0.004"/>
  <system-out/>
</testsuite> <!-- SessionSel.Priority -->
