<?xml version="1.0" encoding="UTF-8"?>
<!-- Generated by org.testng.reporters.JUnitReportReporter -->
<testsuite hostname="Kanwar07" failures="0" tests="4" name="SessionSel.Group" time="0.026" errors="0" timestamp="2023-05-30T11:37:13 IST" skipped="0">
  <testcase classname="SessionSel.Group" name="tc2" time="0.019"/>
  <system-out/>
  <testcase classname="SessionSel.Group" name="tc4" time="0.002"/>
  <system-out/>
  <testcase classname="SessionSel.Group" name="tc3" time="0.002"/>
  <system-out/>
  <testcase classname="SessionSel.Group" name="tc1" time="0.003"/>
  <system-out/>
</testsuite> <!-- SessionSel.Group -->
