<?xml version="1.0" encoding="UTF-8"?>
<!-- Generated by org.testng.reporters.JUnitReportReporter -->
<testsuite hostname="Kanwar07" failures="0" tests="1" name="SessionSel.JavScriptexecutora" time="0.300" errors="0" timestamp="2023-05-23T12:57:14 IST" skipped="0">
  <testcase classname="SessionSel.JavScriptexecutora" name="jsp1" time="0.300"/>
  <system-out/>
</testsuite> <!-- SessionSel.JavScriptexecutora -->
