<?xml version="1.0" encoding="UTF-8"?>
<!-- Generated by org.testng.reporters.JUnitReportReporter -->
<testsuite hostname="Kanwar07" failures="0" tests="1" name="SessionSel.JavScriptexecutor" time="3.289" errors="0" timestamp="2023-05-22T16:35:21 IST" skipped="0">
  <testcase classname="SessionSel.JavScriptexecutor" name="jsp1" time="3.289"/>
  <system-out/>
</testsuite> <!-- SessionSel.JavScriptexecutor -->
