<?xml version="1.0" encoding="UTF-8"?>
<!-- Generated by org.testng.reporters.JUnitReportReporter -->
<testsuite hostname="Kanwar07" failures="0" tests="2" name="SessionSel.test123" time="0.121" errors="0" timestamp="2023-05-14T13:58:27 IST" skipped="0">
  <testcase classname="SessionSel.test123" name="getGoogleTitle" time="0.075"/>
  <system-out/>
  <testcase classname="SessionSel.test123" name="getGoogleUrl" time="0.046"/>
  <system-out/>
</testsuite> <!-- SessionSel.test123 -->
