<?xml version="1.0" encoding="UTF-8"?>
<!-- Generated by org.testng.reporters.JUnitReportReporter -->
<testsuite hostname="Kanwar07" failures="0" tests="1" name="SessionSel.DatePicker" time="1.012" errors="0" timestamp="2023-05-29T14:34:03 IST" skipped="0">
  <testcase classname="SessionSel.DatePicker" name="datePicker" time="1.012"/>
  <system-out/>
</testsuite> <!-- SessionSel.DatePicker -->
