<?xml version="1.0" encoding="UTF-8"?>
<!-- Generated by org.testng.reporters.JUnitReportReporter -->
<testsuite hostname="Kanwar07" failures="0" tests="1" name="SessionSel.WindowHandles12" time="81.109" errors="0" timestamp="2023-05-19T16:24:55 IST" skipped="0">
  <testcase classname="SessionSel.WindowHandles12" name="windowsTest12" time="81.109"/>
  <system-out/>
</testsuite> <!-- SessionSel.WindowHandles12 -->
