<?xml version="1.0" encoding="UTF-8"?>
<!-- Generated by org.testng.reporters.JUnitReportReporter -->
<testsuite hostname="Kanwar07" failures="0" tests="1" name="Assignment.AddingAndDeletingWebTable" time="3.193" errors="0" timestamp="2023-05-18T15:41:13 IST" skipped="0">
  <testcase classname="Assignment.AddingAndDeletingWebTable" name="newAddRecord" time="3.193"/>
  <system-out/>
</testsuite> <!-- Assignment.AddingAndDeletingWebTable -->
