<?xml version="1.0" encoding="UTF-8"?>
<!-- Generated by org.testng.reporters.JUnitReportReporter -->
<testsuite hostname="Kanwar07" failures="0" tests="2" name="SessionSel.Alertss" time="5.418" errors="0" timestamp="2023-05-15T17:08:01 IST" skipped="1">
  <testcase classname="SessionSel.Alertss" name="alertsMethodsfor5sec" time="5.418"/>
  <system-out/>
  <testcase classname="SessionSel.Alertss" name="alertsMethods">
    <skipped/>
  </testcase> <!-- alertsMethods -->
  <system-out/>
</testsuite> <!-- SessionSel.Alertss -->
