<?xml version="1.0" encoding="UTF-8"?>
<!-- Generated by org.testng.reporters.JUnitReportReporter -->
<testsuite hostname="Kanwar07" failures="0" tests="3" name="Assignment.demoqaButtons" time="1.186" errors="0" timestamp="2023-05-31T15:03:27 IST" skipped="0">
  <testcase classname="Assignment.demoqaButtons" name="rightClick" time="0.242"/>
  <system-out/>
  <testcase classname="Assignment.demoqaButtons" name="doubleClick" time="0.460"/>
  <system-out/>
  <testcase classname="Assignment.demoqaButtons" name="clickMe" time="0.484"/>
  <system-out/>
</testsuite> <!-- Assignment.demoqaButtons -->
