<?xml version="1.0" encoding="UTF-8"?>
<!-- Generated by org.testng.reporters.JUnitReportReporter -->
<testsuite hostname="Kanwar07" failures="0" tests="1" name="SessionSel.AdminSearch" time="21.336" errors="0" timestamp="2023-05-25T12:02:41 IST" skipped="0">
  <testcase classname="SessionSel.AdminSearch" name="set" time="21.336"/>
  <system-out/>
</testsuite> <!-- SessionSel.AdminSearch -->
