<?xml version="1.0" encoding="UTF-8"?>
<!-- Generated by org.testng.reporters.JUnitReportReporter -->
<testsuite hostname="Kanwar07" failures="0" tests="2" name="SessionSel.Frames" time="2.459" errors="0" timestamp="2023-05-23T17:09:56 IST" skipped="1">
  <testcase classname="SessionSel.Frames" name="nested" time="2.459"/>
  <system-out/>
  <testcase classname="SessionSel.Frames" name="fram1">
    <skipped/>
  </testcase> <!-- fram1 -->
  <system-out/>
</testsuite> <!-- SessionSel.Frames -->
