<?xml version="1.0" encoding="UTF-8"?>
<!-- Generated by org.testng.reporters.JUnitReportReporter -->
<testsuite hostname="Kanwar07" failures="0" tests="1" name="Sessionsel2.ExtentOrangeHrm" time="11.527" errors="0" timestamp="2023-05-26T13:35:59 IST" skipped="0">
  <testcase classname="Sessionsel2.ExtentOrangeHrm" name="Login" time="11.527"/>
  <system-out/>
</testsuite> <!-- Sessionsel2.ExtentOrangeHrm -->
