<?xml version="1.0" encoding="UTF-8"?>
<!-- Generated by org.testng.reporters.JUnitReportReporter -->
<testsuite hostname="Kanwar07" failures="0" tests="1" name="SessionSel.ScrollBy" time="2.059" errors="0" timestamp="2023-05-23T10:35:34 IST" skipped="0">
  <testcase classname="SessionSel.ScrollBy" name="set" time="2.059"/>
  <system-out/>
</testsuite> <!-- SessionSel.ScrollBy -->
