<?xml version="1.0" encoding="UTF-8"?>
<!-- Generated by org.testng.reporters.JUnitReportReporter -->
<testsuite hostname="Kanwar07" failures="0" tests="1" name="SessionSel.CheckBox" time="4.285" errors="0" timestamp="2023-05-15T16:54:29 IST" skipped="0">
  <testcase classname="SessionSel.CheckBox" name="checkbox" time="4.285"/>
  <system-out/>
</testsuite> <!-- SessionSel.CheckBox -->
