<?xml version="1.0" encoding="UTF-8"?>
<!-- Generated by org.testng.reporters.JUnitReportReporter -->
<testsuite hostname="Kanwar07" failures="0" tests="1" name="SessionSel.Upload" time="2.284" errors="0" timestamp="2023-05-22T11:15:23 IST" skipped="0">
  <testcase classname="SessionSel.Upload" name="download" time="2.284"/>
  <system-out/>
</testsuite> <!-- SessionSel.Upload -->
