<?xml version="1.0" encoding="UTF-8"?>
<!-- Generated by org.testng.reporters.JUnitReportReporter -->
<testsuite hostname="Kanwar07" failures="0" tests="2" name="SessionSel.dependsOn" time="0.031" errors="0" timestamp="2023-05-12T15:41:46 IST" skipped="0">
  <testcase classname="SessionSel.dependsOn" name="tc2" time="0.004"/>
  <system-out/>
  <testcase classname="SessionSel.dependsOn" name="tc1" time="0.027"/>
  <system-out/>
</testsuite> <!-- SessionSel.dependsOn -->
