<?xml version="1.0" encoding="UTF-8"?>
<!-- Generated by org.testng.reporters.JUnitReportReporter -->
<testsuite hostname="Kanwar07" failures="0" tests="1" name="SessionSel.HerukaApp" time="6.530" errors="0" timestamp="2023-05-30T12:46:16 IST" skipped="0">
  <testcase classname="SessionSel.HerukaApp" name="login" time="6.530"/>
  <system-out/>
</testsuite> <!-- SessionSel.HerukaApp -->
