<?xml version="1.0" encoding="UTF-8"?>
<!-- Generated by org.testng.reporters.JUnitReportReporter -->
<testsuite hostname="Kanwar07" failures="0" tests="1" name="SessionSel.Actions123" time="1.710" errors="0" timestamp="2023-05-19T15:09:17 IST" skipped="0">
  <testcase classname="SessionSel.Actions123" name="test23" time="1.710"/>
  <system-out/>
</testsuite> <!-- SessionSel.Actions123 -->
