<?xml version="1.0" encoding="UTF-8"?>
<!-- Generated by org.testng.reporters.JUnitReportReporter -->
<testsuite hostname="Kanwar07" failures="0" tests="2" name="SessionSel.Testng123" time="0.438" errors="0" timestamp="2023-05-14T11:43:56 IST" skipped="1">
  <testcase classname="SessionSel.Testng123" name="search" time="0.438"/>
  <system-out/>
  <testcase classname="SessionSel.Testng123" name="setup">
    <skipped/>
  </testcase> <!-- setup -->
  <system-out/>
</testsuite> <!-- SessionSel.Testng123 -->
