<?xml version="1.0" encoding="UTF-8"?>
<!-- Generated by org.testng.reporters.JUnitReportReporter -->
<testsuite hostname="Kanwar07" failures="0" tests="1" name="Assignment.formherok" time="1.942" errors="0" timestamp="2023-05-18T14:49:49 IST" skipped="0">
  <testcase classname="Assignment.formherok" name="formDetails" time="1.942"/>
  <system-out/>
</testsuite> <!-- Assignment.formherok -->
