<?xml version="1.0" encoding="UTF-8"?>
<!-- Generated by org.testng.reporters.JUnitReportReporter -->
<testsuite hostname="Kanwar07" failures="0" tests="1" name="Assignment.AutomationPracticeRahul" time="0.266" errors="0" timestamp="2023-05-19T13:57:37 IST" skipped="0">
  <testcase classname="Assignment.AutomationPracticeRahul" name="sugestionClass" time="0.266"/>
  <system-out/>
</testsuite> <!-- Assignment.AutomationPracticeRahul -->
