<?xml version="1.0" encoding="UTF-8"?>
<!-- Generated by org.testng.reporters.JUnitReportReporter -->
<testsuite hostname="Kanwar07" failures="0" tests="1" name="SessionSel.orangHRMWindow" time="20.117" errors="0" timestamp="2023-05-22T10:46:50 IST" skipped="0">
  <testcase classname="SessionSel.orangHRMWindow" name="window" time="20.117"/>
  <system-out/>
</testsuite> <!-- SessionSel.orangHRMWindow -->
