<?xml version="1.0" encoding="UTF-8"?>
<!-- Generated by org.testng.reporters.JUnitReportReporter -->
<testsuite hostname="Kanwar07" failures="0" tests="1" name="SessionSel.Screenshot" time="1.134" errors="0" timestamp="2023-05-30T16:05:13 IST" skipped="0">
  <testcase classname="SessionSel.Screenshot" name="sauceDemo" time="1.134"/>
  <system-out/>
</testsuite> <!-- SessionSel.Screenshot -->
